*** Log file does not exist: /opt/airflow/logs/denis_golovanov_bbe3569_top_1m/print_data/2025-09-02T00:00:00+00:00/1.log
*** Fetching from: http://airflow-lab2-da-worker-0.airflow-lab2-da-worker.airflow-lab2-da.svc.cluster.local:8793/log/denis_golovanov_bbe3569_top_1m/print_data/2025-09-02T00:00:00+00:00/1.log

[2025-09-03, 00:00:16 UTC] {taskinstance.py:1037} INFO - Dependencies all met for <TaskInstance: denis_golovanov_bbe3569_top_1m.print_data scheduled__2025-09-02T00:00:00+00:00 [queued]>
[2025-09-03, 00:00:16 UTC] {taskinstance.py:1037} INFO - Dependencies all met for <TaskInstance: denis_golovanov_bbe3569_top_1m.print_data scheduled__2025-09-02T00:00:00+00:00 [queued]>
[2025-09-03, 00:00:16 UTC] {taskinstance.py:1243} INFO - 
--------------------------------------------------------------------------------
[2025-09-03, 00:00:16 UTC] {taskinstance.py:1244} INFO - Starting attempt 1 of 3
[2025-09-03, 00:00:16 UTC] {taskinstance.py:1245} INFO - 
--------------------------------------------------------------------------------
[2025-09-03, 00:00:16 UTC] {taskinstance.py:1264} INFO - Executing <Task(PythonOperator): print_data> on 2025-09-02 00:00:00+00:00
[2025-09-03, 00:00:16 UTC] {standard_task_runner.py:52} INFO - Started process 14239 to run task
[2025-09-03, 00:00:16 UTC] {standard_task_runner.py:76} INFO - Running: ['airflow', 'tasks', 'run', 'denis_golovanov_bbe3569_top_1m', 'print_data', 'scheduled__2025-09-02T00:00:00+00:00', '--job-id', '18184805', '--raw', '--subdir', 'DAGS_FOLDER/denis-golovanov-bbe3569/Lesson_2.py', '--cfg-path', '/tmp/tmpdoeoees9', '--error-file', '/tmp/tmpsdb1po5c']
[2025-09-03, 00:00:16 UTC] {standard_task_runner.py:77} INFO - Job 18184805: Subtask print_data
[2025-09-03, 00:00:16 UTC] {logging_mixin.py:109} INFO - Running <TaskInstance: denis_golovanov_bbe3569_top_1m.print_data scheduled__2025-09-02T00:00:00+00:00 [running]> on host airflow-lab2-da-worker-0.airflow-lab2-da-worker.airflow-lab2-da.svc.cluster.local
[2025-09-03, 00:00:16 UTC] {taskinstance.py:1431} INFO - Exporting the following env vars:
AIRFLOW_CTX_DAG_OWNER=denis-golovanov-bbe3569
AIRFLOW_CTX_DAG_ID=denis_golovanov_bbe3569_top_1m
AIRFLOW_CTX_TASK_ID=print_data
AIRFLOW_CTX_EXECUTION_DATE=2025-09-02T00:00:00+00:00
AIRFLOW_CTX_DAG_RUN_ID=scheduled__2025-09-02T00:00:00+00:00
[2025-09-03, 00:00:16 UTC] {logging_mixin.py:109} INFO - Data from top_10_zones.csv for 2025-09-02:
[2025-09-03, 00:00:16 UTC] {logging_mixin.py:109} INFO - ,zone
com,425227
org,36551
net,31029
ru,21467
de,16249
au,14661
nl,13996
uk,13461
it,12471
io,10624
[2025-09-03, 00:00:16 UTC] {logging_mixin.py:109} INFO - 
[2025-09-03, 00:00:16 UTC] {logging_mixin.py:109} INFO - Data from longest_domain.csv for 2025-09-02:
[2025-09-03, 00:00:16 UTC] {logging_mixin.py:109} INFO - file-service-default-114c67af0763a8a98e770ff3ee495371.fra1.digitaloceanspaces.com, length: 81
[2025-09-03, 00:00:16 UTC] {logging_mixin.py:109} INFO - 
[2025-09-03, 00:00:16 UTC] {logging_mixin.py:109} INFO - Data from airflow_rank.csv for 2025-09-02:
[2025-09-03, 00:00:16 UTC] {logging_mixin.py:109} INFO - airflow rank: 590603
[2025-09-03, 00:00:16 UTC] {logging_mixin.py:109} INFO - 
[2025-09-03, 00:00:16 UTC] {python.py:175} INFO - Done. Returned value was: None
[2025-09-03, 00:00:16 UTC] {taskinstance.py:1282} INFO - Marking task as SUCCESS. dag_id=denis_golovanov_bbe3569_top_1m, task_id=print_data, execution_date=20250902T000000, start_date=20250903T000016, end_date=20250903T000016
[2025-09-03, 00:00:16 UTC] {local_task_job.py:154} INFO - Task exited with return code 0
[2025-09-03, 00:00:16 UTC] {local_task_job.py:264} INFO - 0 downstream tasks scheduled from follow-on schedule check