*** Log file does not exist: /opt/airflow/logs/denis_golovanov_bbe3569_vgsales_1996/print_data/2025-09-02T00:00:00+00:00/1.log
*** Fetching from: http://airflow-lab2-da-worker-0.airflow-lab2-da-worker.airflow-lab2-da.svc.cluster.local:8793/log/denis_golovanov_bbe3569_vgsales_1996/print_data/2025-09-02T00:00:00+00:00/1.log

[2025-09-03, 00:00:13 UTC] {taskinstance.py:1037} INFO - Dependencies all met for <TaskInstance: denis_golovanov_bbe3569_vgsales_1996.print_data scheduled__2025-09-02T00:00:00+00:00 [queued]>
[2025-09-03, 00:00:13 UTC] {taskinstance.py:1037} INFO - Dependencies all met for <TaskInstance: denis_golovanov_bbe3569_vgsales_1996.print_data scheduled__2025-09-02T00:00:00+00:00 [queued]>
[2025-09-03, 00:00:13 UTC] {taskinstance.py:1243} INFO - 
--------------------------------------------------------------------------------
[2025-09-03, 00:00:13 UTC] {taskinstance.py:1244} INFO - Starting attempt 1 of 3
[2025-09-03, 00:00:13 UTC] {taskinstance.py:1245} INFO - 
--------------------------------------------------------------------------------
[2025-09-03, 00:00:13 UTC] {taskinstance.py:1264} INFO - Executing <Task(PythonOperator): print_data> on 2025-09-02 00:00:00+00:00
[2025-09-03, 00:00:13 UTC] {standard_task_runner.py:52} INFO - Started process 14235 to run task
[2025-09-03, 00:00:13 UTC] {standard_task_runner.py:76} INFO - Running: ['airflow', 'tasks', 'run', 'denis_golovanov_bbe3569_vgsales_1996', 'print_data', 'scheduled__2025-09-02T00:00:00+00:00', '--job-id', '18184803', '--raw', '--subdir', 'DAGS_FOLDER/denis-golovanov-bbe3569/Lesson_3.py', '--cfg-path', '/tmp/tmplc81wvvo', '--error-file', '/tmp/tmpcy9l4vdc']
[2025-09-03, 00:00:13 UTC] {standard_task_runner.py:77} INFO - Job 18184803: Subtask print_data
[2025-09-03, 00:00:13 UTC] {logging_mixin.py:109} INFO - Running <TaskInstance: denis_golovanov_bbe3569_vgsales_1996.print_data scheduled__2025-09-02T00:00:00+00:00 [running]> on host airflow-lab2-da-worker-0.airflow-lab2-da-worker.airflow-lab2-da.svc.cluster.local
[2025-09-03, 00:00:13 UTC] {taskinstance.py:1431} INFO - Exporting the following env vars:
AIRFLOW_CTX_DAG_OWNER=denis-golovanov-bbe3569
AIRFLOW_CTX_DAG_ID=denis_golovanov_bbe3569_vgsales_1996
AIRFLOW_CTX_TASK_ID=print_data
AIRFLOW_CTX_EXECUTION_DATE=2025-09-02T00:00:00+00:00
AIRFLOW_CTX_DAG_RUN_ID=scheduled__2025-09-02T00:00:00+00:00
[2025-09-03, 00:00:13 UTC] {logging_mixin.py:109} INFO - === Отчёт по Video Game Sales за 1996 ===
[2025-09-03, 00:00:13 UTC] {logging_mixin.py:109} INFO - 
[2025-09-03, 00:00:13 UTC] {logging_mixin.py:109} INFO - Самая продаваемая игра в мире:
Pokemon Red/Pokemon Blue (31.37M)
[2025-09-03, 00:00:13 UTC] {logging_mixin.py:109} INFO - 
[2025-09-03, 00:00:13 UTC] {logging_mixin.py:109} INFO - Жанр/жанры с наибольшими продажами в Европе:
Genre,EU_Sales
Role-Playing,11.040000000000001
[2025-09-03, 00:00:13 UTC] {logging_mixin.py:109} INFO - 
[2025-09-03, 00:00:13 UTC] {logging_mixin.py:109} INFO - Платформа(ы) с наибольшим числом игр, проданных >1 млн в Северной Америке:
Platform,count
PS,12
[2025-09-03, 00:00:13 UTC] {logging_mixin.py:109} INFO - 
[2025-09-03, 00:00:13 UTC] {logging_mixin.py:109} INFO - Издатель(и) с самой высокой средней продажей в Японии:
Publisher,JP_Sales
Nintendo,1.243529411764706
[2025-09-03, 00:00:13 UTC] {logging_mixin.py:109} INFO - 
[2025-09-03, 00:00:13 UTC] {logging_mixin.py:109} INFO - Количество игр, проданных лучше в Европе, чем в Японии:
134
[2025-09-03, 00:00:13 UTC] {logging_mixin.py:109} INFO - 
[2025-09-03, 00:00:13 UTC] {python.py:175} INFO - Done. Returned value was: None
[2025-09-03, 00:00:13 UTC] {taskinstance.py:1282} INFO - Marking task as SUCCESS. dag_id=denis_golovanov_bbe3569_vgsales_1996, task_id=print_data, execution_date=20250902T000000, start_date=20250903T000013, end_date=20250903T000013
[2025-09-03, 00:00:13 UTC] {local_task_job.py:154} INFO - Task exited with return code 0
[2025-09-03, 00:00:13 UTC] {local_task_job.py:264} INFO - 0 downstream tasks scheduled from follow-on schedule check
